<?xml version="1.0" encoding="UTF-8"?>
<testng-results ignored="0" total="1" passed="1" failed="0" skipped="0">
  <reporter-output>
  </reporter-output>
  <suite started-at="2021-07-29T05:48:17 IST" name="Default suite" finished-at="2021-07-29T05:48:17 IST" duration-ms="36">
    <groups>
    </groups>
    <test started-at="2021-07-29T05:48:17 IST" name="Default test" finished-at="2021-07-29T05:48:17 IST" duration-ms="36">
      <class name="Runner.TestRunner">
        <test-method is-config="true" signature="setUp()[pri:0, instance:Runner.TestRunner@611889f4]" started-at="2021-07-29T05:48:17 IST" name="setUp" finished-at="2021-07-29T05:48:17 IST" duration-ms="5" status="PASS">
          <reporter-output>
          </reporter-output>
        </test-method> <!-- setUp -->
        <test-method signature="executeTest()[pri:0, instance:Runner.TestRunner@611889f4]" started-at="2021-07-29T05:48:17 IST" name="executeTest" finished-at="2021-07-29T05:48:17 IST" duration-ms="4" status="PASS">
          <reporter-output>
          </reporter-output>
        </test-method> <!-- executeTest -->
        <test-method is-config="true" signature="tearDown()[pri:0, instance:Runner.TestRunner@611889f4]" started-at="2021-07-29T05:48:17 IST" name="tearDown" finished-at="2021-07-29T05:48:17 IST" duration-ms="0" status="PASS">
          <reporter-output>
          </reporter-output>
        </test-method> <!-- tearDown -->
      </class> <!-- Runner.TestRunner -->
    </test> <!-- Default test -->
  </suite> <!-- Default suite -->
</testng-results>
